<?xml version="1.0" encoding="UTF-8"?>
<!-- Generated by org.testng.reporters.JUnitReportReporter -->
<testsuite hostname="Xahid" failures="0" tests="1" name="march22.Register" time="0.001" errors="0" timestamp="2023-03-26T03:00:52 EDT" skipped="0">
  <testcase classname="march22.Register" name="registerUser" time="0.001"/>
  <system-out/>
</testsuite> <!-- march22.Register -->
