<?xml version="1.0" encoding="UTF-8"?>
<!-- Generated by org.testng.reporters.JUnitReportReporter -->
<testsuite hostname="Xahid" failures="0" tests="1" name="march22.SearchProduct" time="0.002" errors="0" timestamp="2023-03-26T03:00:52 EDT" skipped="0">
  <testcase classname="march22.SearchProduct" name="searchProduct" time="0.002"/>
  <system-out/>
</testsuite> <!-- march22.SearchProduct -->
