<?xml version="1.0" encoding="UTF-8"?>
<!-- Generated by org.testng.reporters.JUnitReportReporter -->
<testsuite skipped="0" hostname="Xahid" name="march22.LogOut" tests="1" failures="0" timestamp="26 Mar 2023 07:44:56 GMT" time="0.000" errors="0">
  <testcase name="logoutUser" time="0.000" classname="march22.LogOut"/>
</testsuite> <!-- march22.LogOut -->
